<?xml version="1.0" encoding="UTF-8"?>
<!-- Generated by org.testng.reporters.JUnitReportReporter -->
<testsuite hostname="HP" failures="0" tests="3" name="testcases.LoginApplication" time="3.514" errors="0" timestamp="2025-04-16T00:11:47 IST" skipped="0">
  <testcase classname="testcases.LoginApplication" name="loginWithValidCredentials" time="2.967"/>
  <testcase classname="testcases.LoginApplication" name="logoutFromApplication" time="0.527"/>
  <testcase classname="testcases.LoginApplication" name="verifyFooterLinks" time="0.020"/>
</testsuite> <!-- testcases.LoginApplication -->
